#
# There is insufficient memory for the Java Runtime Environment to continue.
# Native memory allocation (malloc) failed to allocate 772976 bytes for Chunk::new
# Possible reasons:
#   The system is out of physical RAM or swap space
#   In 32 bit mode, the process size limit was hit
# Possible solutions:
#   Reduce memory load on the system
#   Increase physical memory or swap space
#   Check if swap backing store is full
#   Use 64 bit Java on a 64 bit OS
#   Decrease Java heap size (-Xmx/-Xms)
#   Decrease number of Java threads
#   Decrease Java thread stack sizes (-Xss)
#   Set larger code cache with -XX:ReservedCodeCacheSize=
# This output file may be truncated or incomplete.
#
#  Out of Memory Error (allocation.cpp:390), pid=13380, tid=0x000000000000298c
#
# JRE version: Java(TM) SE Runtime Environment (8.0_131-b11) (build 1.8.0_131-b11)
# Java VM: Java HotSpot(TM) 64-Bit Server VM (25.131-b11 mixed mode windows-amd64 compressed oops)
# Failed to write core dump. Minidumps are not enabled by default on client versions of Windows
#

---------------  T H R E A D  ---------------

Current thread (0x00000000170a6000):  JavaThread "C2 CompilerThread0" daemon [_thread_in_native, id=10636, stack(0x0000000017770000,0x0000000017870000)]

Stack: [0x0000000017770000,0x0000000017870000]
[error occurred during error reporting (printing stack bounds), id 0xc0000005]

Native frames: (J=compiled Java code, j=interpreted, Vv=VM code, C=native code)


Current CompileTask:
C2:   3852 1546       4       java.net.URLClassLoader$1::run (5 bytes)


---------------  P R O C E S S  ---------------

Java Threads: ( => current thread )
  0x0000000017139000 JavaThread "Service Thread" daemon [_thread_blocked, id=10720, stack(0x0000000017a70000,0x0000000017b70000)]
  0x00000000170ab800 JavaThread "C1 CompilerThread2" daemon [_thread_blocked, id=13252, stack(0x0000000017970000,0x0000000017a70000)]
  0x00000000170aa000 JavaThread "C2 CompilerThread1" daemon [_thread_in_native, id=17144, stack(0x0000000017870000,0x0000000017970000)]
=>0x00000000170a6000 JavaThread "C2 CompilerThread0" daemon [_thread_in_native, id=10636, stack(0x0000000017770000,0x0000000017870000)]
  0x00000000170a4800 JavaThread "Monitor Ctrl-Break" daemon [_thread_in_native, id=3360, stack(0x0000000017670000,0x0000000017770000)]
  0x0000000015d69800 JavaThread "Attach Listener" daemon [_thread_blocked, id=4464, stack(0x0000000017570000,0x0000000017670000)]
  0x0000000015d1e000 JavaThread "Signal Dispatcher" daemon [_thread_blocked, id=15060, stack(0x0000000017470000,0x0000000017570000)]
  0x0000000015cf9000 JavaThread "Finalizer" daemon [_thread_blocked, id=16092, stack(0x0000000016f70000,0x0000000017070000)]
  0x0000000003682000 JavaThread "Reference Handler" daemon [_thread_blocked, id=6084, stack(0x0000000016e70000,0x0000000016f70000)]
  0x000000000342e800 JavaThread "main" [_thread_in_native, id=16132, stack(0x0000000003250000,0x0000000003350000)]

Other Threads:
  0x0000000015cd7000 VMThread [stack: 0x0000000016d70000,0x0000000016e70000] [id=424]
  0x000000001716f800 WatcherThread [stack: 0x0000000017b70000,0x0000000017c70000] [id=15840]

VM state:not at safepoint (normal execution)

VM Mutex/Monitor currently owned by a thread: None

Heap:
 PSYoungGen      total 35328K, used 6497K [0x00000000ead80000, 0x00000000ed280000, 0x0000000100000000)
  eden space 32768K, 12% used [0x00000000ead80000,0x00000000eb15a640,0x00000000ecd80000)
  from space 2560K, 99% used [0x00000000ecd80000,0x00000000ecffe030,0x00000000ed000000)
  to   space 2560K, 0% used [0x00000000ed000000,0x00000000ed000000,0x00000000ed280000)
 ParOldGen       total 44032K, used 9689K [0x00000000c0800000, 0x00000000c3300000, 0x00000000ead80000)
  object space 44032K, 22% used [0x00000000c0800000,0x00000000c1176790,0x00000000c3300000)
 Metaspace       used 15051K, capacity 15332K, committed 15616K, reserved 1062912K
  class space    used 1855K, capacity 1941K, committed 2048K, reserved 1048576K

Card table byte_map: [0x0000000012a50000,0x0000000012c50000] byte_map_base: 0x000000001244c000

Marking Bits: (ParMarkBitMap*) 0x000000006578c720
 Begin Bits: [0x00000000131b0000, 0x0000000014190000)
 End Bits:   [0x0000000014190000, 0x0000000015170000)

Polling page: 0x00000000016a0000

CodeCache: size=245760Kb used=5771Kb max_used=5771Kb free=239988Kb
 bounds [0x0000000003690000, 0x0000000003c40000, 0x0000000012690000]
 total_blobs=2037 nmethods=1674 adapters=276
 compilation: enabled

Compilation events (10 events):
Event: 3.770 Thread 0x00000000170ab800 1680       3       org.apache.maven.model.merge.MavenModelMerger::getDependencyKey (5 bytes)
Event: 3.771 Thread 0x00000000170ab800 nmethod 1680 0x0000000003c35750 code [0x0000000003c358c0, 0x0000000003c35a68]
Event: 3.772 Thread 0x00000000170ab800 1681       1       org.apache.maven.model.Plugin::getVersion (5 bytes)
Event: 3.772 Thread 0x00000000170ab800 nmethod 1681 0x0000000003c35b50 code [0x0000000003c35ca0, 0x0000000003c35db0]
Event: 3.772 Thread 0x00000000170ab800 1682       3       org.apache.maven.model.ConfigurationContainer::setLocation (35 bytes)
Event: 3.773 Thread 0x00000000170ab800 nmethod 1682 0x0000000003c35e10 code [0x0000000003c35fa0, 0x0000000003c36428]
Event: 3.773 Thread 0x00000000170ab800 1683       2       java.util.HashMap::putVal (300 bytes)
Event: 3.774 Thread 0x00000000170ab800 nmethod 1683 0x0000000003c36650 code [0x0000000003c36860, 0x0000000003c36f78]
Event: 3.776 Thread 0x00000000170ab800 1684       3       org.apache.maven.model.ConfigurationContainer::getLocation (25 bytes)
Event: 3.776 Thread 0x00000000170ab800 nmethod 1684 0x0000000003c375d0 code [0x0000000003c37740, 0x0000000003c37aa8]

GC Heap History (10 events):
Event: 1.602 GC heap before
{Heap before GC invocations=1 (full 0):
 PSYoungGen      total 18944K, used 16384K [0x00000000ead80000, 0x00000000ec280000, 0x0000000100000000)
  eden space 16384K, 100% used [0x00000000ead80000,0x00000000ebd80000,0x00000000ebd80000)
  from space 2560K, 0% used [0x00000000ec000000,0x00000000ec000000,0x00000000ec280000)
  to   space 2560K, 0% used [0x00000000ebd80000,0x00000000ebd80000,0x00000000ec000000)
 ParOldGen       total 44032K, used 0K [0x00000000c0800000, 0x00000000c3300000, 0x00000000ead80000)
  object space 44032K, 0% used [0x00000000c0800000,0x00000000c0800000,0x00000000c3300000)
 Metaspace       used 6732K, capacity 6888K, committed 7040K, reserved 1056768K
  class space    used 745K, capacity 828K, committed 896K, reserved 1048576K
Event: 1.609 GC heap after
Heap after GC invocations=1 (full 0):
 PSYoungGen      total 18944K, used 2544K [0x00000000ead80000, 0x00000000ec280000, 0x0000000100000000)
  eden space 16384K, 0% used [0x00000000ead80000,0x00000000ead80000,0x00000000ebd80000)
  from space 2560K, 99% used [0x00000000ebd80000,0x00000000ebffc370,0x00000000ec000000)
  to   space 2560K, 0% used [0x00000000ec000000,0x00000000ec000000,0x00000000ec280000)
 ParOldGen       total 44032K, used 654K [0x00000000c0800000, 0x00000000c3300000, 0x00000000ead80000)
  object space 44032K, 1% used [0x00000000c0800000,0x00000000c08a38e0,0x00000000c3300000)
 Metaspace       used 6732K, capacity 6888K, committed 7040K, reserved 1056768K
  class space    used 745K, capacity 828K, committed 896K, reserved 1048576K
}
Event: 1.999 GC heap before
{Heap before GC invocations=2 (full 0):
 PSYoungGen      total 18944K, used 18928K [0x00000000ead80000, 0x00000000ec280000, 0x0000000100000000)
  eden space 16384K, 100% used [0x00000000ead80000,0x00000000ebd80000,0x00000000ebd80000)
  from space 2560K, 99% used [0x00000000ebd80000,0x00000000ebffc370,0x00000000ec000000)
  to   space 2560K, 0% used [0x00000000ec000000,0x00000000ec000000,0x00000000ec280000)
 ParOldGen       total 44032K, used 654K [0x00000000c0800000, 0x00000000c3300000, 0x00000000ead80000)
  object space 44032K, 1% used [0x00000000c0800000,0x00000000c08a38e0,0x00000000c3300000)
 Metaspace       used 8864K, capacity 9032K, committed 9088K, reserved 1056768K
  class space    used 1055K, capacity 1116K, committed 1152K, reserved 1048576K
Event: 2.009 GC heap after
Heap after GC invocations=2 (full 0):
 PSYoungGen      total 18944K, used 2545K [0x00000000ead80000, 0x00000000ed280000, 0x0000000100000000)
  eden space 16384K, 0% used [0x00000000ead80000,0x00000000ead80000,0x00000000ebd80000)
  from space 2560K, 99% used [0x00000000ec000000,0x00000000ec27c630,0x00000000ec280000)
  to   space 2560K, 0% used [0x00000000ebd80000,0x00000000ebd80000,0x00000000ec000000)
 ParOldGen       total 44032K, used 2115K [0x00000000c0800000, 0x00000000c3300000, 0x00000000ead80000)
  object space 44032K, 4% used [0x00000000c0800000,0x00000000c0a10da0,0x00000000c3300000)
 Metaspace       used 8864K, capacity 9032K, committed 9088K, reserved 1056768K
  class space    used 1055K, capacity 1116K, committed 1152K, reserved 1048576K
}
Event: 2.338 GC heap before
{Heap before GC invocations=3 (full 0):
 PSYoungGen      total 18944K, used 18929K [0x00000000ead80000, 0x00000000ed280000, 0x0000000100000000)
  eden space 16384K, 100% used [0x00000000ead80000,0x00000000ebd80000,0x00000000ebd80000)
  from space 2560K, 99% used [0x00000000ec000000,0x00000000ec27c630,0x00000000ec280000)
  to   space 2560K, 0% used [0x00000000ebd80000,0x00000000ebd80000,0x00000000ec000000)
 ParOldGen       total 44032K, used 2115K [0x00000000c0800000, 0x00000000c3300000, 0x00000000ead80000)
  object space 44032K, 4% used [0x00000000c0800000,0x00000000c0a10da0,0x00000000c3300000)
 Metaspace       used 9760K, capacity 9912K, committed 10240K, reserved 1058816K
  class space    used 1175K, capacity 1215K, committed 1280K, reserved 1048576K
Event: 2.347 GC heap after
Heap after GC invocations=3 (full 0):
 PSYoungGen      total 18944K, used 2552K [0x00000000ead80000, 0x00000000ed280000, 0x0000000100000000)
  eden space 16384K, 0% used [0x00000000ead80000,0x00000000ead80000,0x00000000ebd80000)
  from space 2560K, 99% used [0x00000000ebd80000,0x00000000ebffe030,0x00000000ec000000)
  to   space 2560K, 0% used [0x00000000ed000000,0x00000000ed000000,0x00000000ed280000)
 ParOldGen       total 44032K, used 3395K [0x00000000c0800000, 0x00000000c3300000, 0x00000000ead80000)
  object space 44032K, 7% used [0x00000000c0800000,0x00000000c0b50e48,0x00000000c3300000)
 Metaspace       used 9760K, capacity 9912K, committed 10240K, reserved 1058816K
  class space    used 1175K, capacity 1215K, committed 1280K, reserved 1048576K
}
Event: 2.640 GC heap before
{Heap before GC invocations=4 (full 0):
 PSYoungGen      total 18944K, used 18936K [0x00000000ead80000, 0x00000000ed280000, 0x0000000100000000)
  eden space 16384K, 100% used [0x00000000ead80000,0x00000000ebd80000,0x00000000ebd80000)
  from space 2560K, 99% used [0x00000000ebd80000,0x00000000ebffe030,0x00000000ec000000)
  to   space 2560K, 0% used [0x00000000ed000000,0x00000000ed000000,0x00000000ed280000)
 ParOldGen       total 44032K, used 3395K [0x00000000c0800000, 0x00000000c3300000, 0x00000000ead80000)
  object space 44032K, 7% used [0x00000000c0800000,0x00000000c0b50e48,0x00000000c3300000)
 Metaspace       used 11464K, capacity 11668K, committed 11776K, reserved 1058816K
  class space    used 1387K, capacity 1481K, committed 1536K, reserved 1048576K
Event: 2.650 GC heap after
Heap after GC invocations=4 (full 0):
 PSYoungGen      total 35328K, used 2552K [0x00000000ead80000, 0x00000000ed280000, 0x0000000100000000)
  eden space 32768K, 0% used [0x00000000ead80000,0x00000000ead80000,0x00000000ecd80000)
  from space 2560K, 99% used [0x00000000ed000000,0x00000000ed27e010,0x00000000ed280000)
  to   space 2560K, 0% used [0x00000000ecd80000,0x00000000ecd80000,0x00000000ed000000)
 ParOldGen       total 44032K, used 5614K [0x00000000c0800000, 0x00000000c3300000, 0x00000000ead80000)
  object space 44032K, 12% used [0x00000000c0800000,0x00000000c0d7b858,0x00000000c3300000)
 Metaspace       used 11464K, capacity 11668K, committed 11776K, reserved 1058816K
  class space    used 1387K, capacity 1481K, committed 1536K, reserved 1048576K
}
Event: 3.522 GC heap before
{Heap before GC invocations=5 (full 0):
 PSYoungGen      total 35328K, used 35320K [0x00000000ead80000, 0x00000000ed280000, 0x0000000100000000)
  eden space 32768K, 100% used [0x00000000ead80000,0x00000000ecd80000,0x00000000ecd80000)
  from space 2560K, 99% used [0x00000000ed000000,0x00000000ed27e010,0x00000000ed280000)
  to   space 2560K, 0% used [0x00000000ecd80000,0x00000000ecd80000,0x00000000ed000000)
 ParOldGen       total 44032K, used 5614K [0x00000000c0800000, 0x00000000c3300000, 0x00000000ead80000)
  object space 44032K, 12% used [0x00000000c0800000,0x00000000c0d7b858,0x00000000c3300000)
 Metaspace       used 14785K, capacity 15044K, committed 15232K, reserved 1062912K
  class space    used 1820K, capacity 1909K, committed 1920K, reserved 1048576K
Event: 3.548 GC heap after
Heap after GC invocations=5 (full 0):
 PSYoungGen      total 35328K, used 2552K [0x00000000ead80000, 0x00000000ed280000, 0x0000000100000000)
  eden space 32768K, 0% used [0x00000000ead80000,0x00000000ead80000,0x00000000ecd80000)
  from space 2560K, 99% used [0x00000000ecd80000,0x00000000ecffe030,0x00000000ed000000)
  to   space 2560K, 0% used [0x00000000ed000000,0x00000000ed000000,0x00000000ed280000)
 ParOldGen       total 44032K, used 9689K [0x00000000c0800000, 0x00000000c3300000, 0x00000000ead80000)
  object space 44032K, 22% used [0x00000000c0800000,0x00000000c1176790,0x00000000c3300000)
 Metaspace       used 14785K, capacity 15044K, committed 15232K, reserved 1062912K
  class space    used 1820K, capacity 1909K, committed 1920K, reserved 1048576K
}

Deoptimization events (10 events):
Event: 3.228 Thread 0x000000000342e800 Uncommon trap: reason=class_check action=maybe_recompile pc=0x00000000039f1a84 method=java.util.HashMap.putVal(ILjava/lang/Object;Ljava/lang/Object;ZZ)Ljava/lang/Object; @ 203
Event: 3.228 Thread 0x000000000342e800 Uncommon trap: reason=class_check action=maybe_recompile pc=0x00000000039f1a84 method=java.util.HashMap.putVal(ILjava/lang/Object;Ljava/lang/Object;ZZ)Ljava/lang/Object; @ 203
Event: 3.270 Thread 0x000000000342e800 Uncommon trap: reason=null_check action=make_not_entrant pc=0x000000000384dadc method=java.lang.String.equals(Ljava/lang/Object;)Z @ 8
Event: 3.306 Thread 0x000000000342e800 Uncommon trap: reason=unstable_if action=reinterpret pc=0x00000000039d3ff4 method=org.codehaus.plexus.util.xml.pull.MXParser.parseStartTag()I @ 443
Event: 3.489 Thread 0x000000000342e800 Uncommon trap: reason=unstable_if action=reinterpret pc=0x0000000003955e78 method=sun.nio.cs.UTF_8$Decoder.decodeArrayLoop(Ljava/nio/ByteBuffer;Ljava/nio/CharBuffer;)Ljava/nio/charset/CoderResult; @ 84
Event: 3.501 Thread 0x000000000342e800 Uncommon trap: reason=unstable_if action=reinterpret pc=0x00000000038d6b1c method=java.lang.AbstractStringBuilder.append(Ljava/lang/String;)Ljava/lang/AbstractStringBuilder; @ 1
Event: 3.501 Thread 0x000000000342e800 Uncommon trap: reason=unstable_if action=reinterpret pc=0x00000000038bd468 method=java.lang.AbstractStringBuilder.append(Ljava/lang/String;)Ljava/lang/AbstractStringBuilder; @ 1
Event: 3.613 Thread 0x000000000342e800 Uncommon trap: reason=unstable_if action=reinterpret pc=0x00000000038bbdb0 method=java.lang.String.replace(CC)Ljava/lang/String; @ 2
Event: 3.773 Thread 0x000000000342e800 Uncommon trap: reason=class_check action=maybe_recompile pc=0x00000000039f1a84 method=java.util.HashMap.putVal(ILjava/lang/Object;Ljava/lang/Object;ZZ)Ljava/lang/Object; @ 203
Event: 3.773 Thread 0x000000000342e800 Uncommon trap: reason=class_check action=maybe_recompile pc=0x00000000039f1a84 method=java.util.HashMap.putVal(ILjava/lang/Object;Ljava/lang/Object;ZZ)Ljava/lang/Object; @ 203

Internal exceptions (10 events):
Event: 1.896 Thread 0x000000000342e800 Exception <a 'java/lang/ArrayIndexOutOfBoundsException'> (0x00000000eb8485a8) thrown at [C:\re\workspace\8-2-build-windows-amd64-cygwin\jdk8u131\8869\hotspot\src\share\vm\runtime\sharedRuntime.cpp, line 605]
Event: 2.120 Thread 0x000000000342e800 Exception <a 'java/lang/ArrayIndexOutOfBoundsException'> (0x00000000eb4b9c40) thrown at [C:\re\workspace\8-2-build-windows-amd64-cygwin\jdk8u131\8869\hotspot\src\share\vm\runtime\sharedRuntime.cpp, line 605]
Event: 2.124 Thread 0x000000000342e800 Exception <a 'java/lang/ArrayIndexOutOfBoundsException'> (0x00000000eb4be588) thrown at [C:\re\workspace\8-2-build-windows-amd64-cygwin\jdk8u131\8869\hotspot\src\share\vm\runtime\sharedRuntime.cpp, line 605]
Event: 2.226 Thread 0x000000000342e800 Exception <a 'java/lang/ArrayIndexOutOfBoundsException': 66> (0x00000000eb7c92c8) thrown at [C:\re\workspace\8-2-build-windows-amd64-cygwin\jdk8u131\8869\hotspot\src\share\vm\interpreter\interpreterRuntime.cpp, line 366]
Event: 3.133 Thread 0x000000000342e800 Exception <a 'java/lang/NoClassDefFoundError': com/google/inject/servlet/ServletModuleTargetVisitor> (0x00000000ec305ac0) thrown at [C:\re\workspace\8-2-build-windows-amd64-cygwin\jdk8u131\8869\hotspot\src\share\vm\classfile\systemDictionary.cpp, line 199
Event: 3.133 Thread 0x000000000342e800 Exception <a 'java/lang/NoClassDefFoundError'> (0x00000000ec305ac0) thrown at [C:\re\workspace\8-2-build-windows-amd64-cygwin\jdk8u131\8869\hotspot\src\share\vm\prims\jvm.cpp, line 1394]
Event: 3.133 Thread 0x000000000342e800 Exception <a 'java/lang/NoClassDefFoundError': javax/annotation/Priority> (0x00000000ec30ad78) thrown at [C:\re\workspace\8-2-build-windows-amd64-cygwin\jdk8u131\8869\hotspot\src\share\vm\classfile\systemDictionary.cpp, line 199]
Event: 3.270 Thread 0x000000000342e800 Implicit null exception at 0x000000000384d91b to 0x000000000384dacd
Event: 3.501 Thread 0x000000000342e800 Implicit null exception at 0x00000000038d6796 to 0x00000000038d6b05
Event: 3.501 Thread 0x000000000342e800 Implicit null exception at 0x00000000038bd0d6 to 0x00000000038bd451

Events (10 events):
Event: 3.787 loading class org/apache/maven/model/interpolation/BuildTimestampValueSource
Event: 3.787 loading class org/apache/maven/model/interpolation/BuildTimestampValueSource done
Event: 3.787 Thread 0x000000000342e800 DEOPT PACKING pc=0x0000000003c0ca4e sp=0x000000000334c550
Event: 3.787 Thread 0x000000000342e800 DEOPT UNPACKING pc=0x00000000036d747f sp=0x000000000334c260 mode 0
Event: 3.787 loading class org/apache/maven/model/interpolation/MavenBuildTimestamp
Event: 3.787 loading class org/apache/maven/model/interpolation/MavenBuildTimestamp done
Event: 3.788 loading class org/codehaus/plexus/interpolation/MapBasedValueSource
Event: 3.788 loading class org/codehaus/plexus/interpolation/MapBasedValueSource done
Event: 3.789 loading class org/apache/maven/model/interpolation/AbstractStringBasedModelInterpolator$3
Event: 3.789 loading class org/apache/maven/model/interpolation/AbstractStringBasedModelInterpolator$3 done


Dynamic libraries:
0x00007ff767770000 - 0x00007ff7677a7000 	C:\Program Files\Java\jdk1.8.0_131\bin\java.exe
0x00007ffdaf650000 - 0x00007ffdaf845000 	C:\WINDOWS\SYSTEM32\ntdll.dll
0x00007ffdad930000 - 0x00007ffdad9ed000 	C:\WINDOWS\System32\KERNEL32.DLL
0x00007ffdacf50000 - 0x00007ffdad218000 	C:\WINDOWS\System32\KERNELBASE.dll
0x00007ffdae190000 - 0x00007ffdae23c000 	C:\WINDOWS\System32\ADVAPI32.dll
0x00007ffdaf570000 - 0x00007ffdaf60e000 	C:\WINDOWS\System32\msvcrt.dll
0x00007ffdaee70000 - 0x00007ffdaef0b000 	C:\WINDOWS\System32\sechost.dll
0x00007ffdade90000 - 0x00007ffdadfbb000 	C:\WINDOWS\System32\RPCRT4.dll
0x00007ffdaf2d0000 - 0x00007ffdaf470000 	C:\WINDOWS\System32\USER32.dll
0x00007ffdacf20000 - 0x00007ffdacf42000 	C:\WINDOWS\System32\win32u.dll
0x00007ffdade60000 - 0x00007ffdade8a000 	C:\WINDOWS\System32\GDI32.dll
0x00007ffdacd90000 - 0x00007ffdace9b000 	C:\WINDOWS\System32\gdi32full.dll
0x00007ffdad2d0000 - 0x00007ffdad36d000 	C:\WINDOWS\System32\msvcp_win.dll
0x00007ffdad5b0000 - 0x00007ffdad6b0000 	C:\WINDOWS\System32\ucrtbase.dll
0x00007ffd9dc20000 - 0x00007ffd9deba000 	C:\WINDOWS\WinSxS\amd64_microsoft.windows.common-controls_6595b64144ccf1df_6.0.19041.844_none_ca00b6081b84eb1d\COMCTL32.dll
0x00007ffdad6b0000 - 0x00007ffdad6e0000 	C:\WINDOWS\System32\IMM32.DLL
0x0000000065810000 - 0x00000000658e2000 	C:\Program Files\Java\jdk1.8.0_131\jre\bin\msvcr100.dll
0x0000000064f70000 - 0x000000006580c000 	C:\Program Files\Java\jdk1.8.0_131\jre\bin\server\jvm.dll
0x00007ffdae240000 - 0x00007ffdae248000 	C:\WINDOWS\System32\PSAPI.DLL
0x00007ffda2cc0000 - 0x00007ffda2ce7000 	C:\WINDOWS\SYSTEM32\WINMM.dll
0x00007ffd9a550000 - 0x00007ffd9a559000 	C:\WINDOWS\SYSTEM32\WSOCK32.dll
0x00007ffdac8b0000 - 0x00007ffdac8ba000 	C:\WINDOWS\SYSTEM32\VERSION.dll
0x00007ffdaf470000 - 0x00007ffdaf4db000 	C:\WINDOWS\System32\WS2_32.dll
0x0000000064f60000 - 0x0000000064f6f000 	C:\Program Files\Java\jdk1.8.0_131\jre\bin\verify.dll
0x0000000064f30000 - 0x0000000064f59000 	C:\Program Files\Java\jdk1.8.0_131\jre\bin\java.dll
0x0000000064e90000 - 0x0000000064eb3000 	C:\Program Files\Java\jdk1.8.0_131\jre\bin\instrument.dll
0x0000000064f10000 - 0x0000000064f26000 	C:\Program Files\Java\jdk1.8.0_131\jre\bin\zip.dll
0x00007ffdae250000 - 0x00007ffdae992000 	C:\WINDOWS\System32\SHELL32.dll
0x00007ffdaae80000 - 0x00007ffdab611000 	C:\WINDOWS\SYSTEM32\windows.storage.dll
0x00007ffdaeb10000 - 0x00007ffdaee65000 	C:\WINDOWS\System32\combase.dll
0x00007ffdac720000 - 0x00007ffdac74c000 	C:\WINDOWS\SYSTEM32\Wldp.dll
0x00007ffdae9a0000 - 0x00007ffdaea4e000 	C:\WINDOWS\System32\SHCORE.dll
0x00007ffdae130000 - 0x00007ffdae185000 	C:\WINDOWS\System32\shlwapi.dll
0x00007ffdaccd0000 - 0x00007ffdaccef000 	C:\WINDOWS\SYSTEM32\profapi.dll
0x00007ffd98780000 - 0x00007ffd9879a000 	D:\Program Files\JetBrains\IntelliJ IDEA 2020.1\bin\breakgen64.dll
0x0000000064ef0000 - 0x0000000064f0a000 	C:\Program Files\Java\jdk1.8.0_131\jre\bin\net.dll
0x00007ffdac430000 - 0x00007ffdac49a000 	C:\WINDOWS\system32\mswsock.dll
0x00007ffdac600000 - 0x00007ffdac618000 	C:\WINDOWS\SYSTEM32\CRYPTSP.dll
0x00007ffdabdd0000 - 0x00007ffdabe04000 	C:\WINDOWS\system32\rsaenh.dll
0x00007ffdad520000 - 0x00007ffdad547000 	C:\WINDOWS\System32\bcrypt.dll
0x00007ffdacc90000 - 0x00007ffdaccbe000 	C:\WINDOWS\SYSTEM32\USERENV.dll
0x00007ffdacea0000 - 0x00007ffdacf20000 	C:\WINDOWS\System32\bcryptprimitives.dll
0x00007ffdac620000 - 0x00007ffdac62c000 	C:\WINDOWS\SYSTEM32\CRYPTBASE.dll
0x00007ffdac120000 - 0x00007ffdac15b000 	C:\WINDOWS\SYSTEM32\IPHLPAPI.DLL
0x00007ffdae120000 - 0x00007ffdae128000 	C:\WINDOWS\System32\NSI.dll
0x00007ffda1bd0000 - 0x00007ffda1be7000 	C:\WINDOWS\SYSTEM32\dhcpcsvc6.DLL
0x00007ffda2210000 - 0x00007ffda222d000 	C:\WINDOWS\SYSTEM32\dhcpcsvc.DLL
0x00007ffdac160000 - 0x00007ffdac22c000 	C:\WINDOWS\SYSTEM32\DNSAPI.dll
0x0000000064ed0000 - 0x0000000064ee1000 	C:\Program Files\Java\jdk1.8.0_131\jre\bin\nio.dll
0x00007ffda8860000 - 0x00007ffda886a000 	C:\Users\Administrator\AppData\Local\Temp\jansi-1.17.1-311170683941915930.dll
0x00007ffda83a0000 - 0x00007ffda83aa000 	C:\Users\Administrator\AppData\Local\Temp\jansi-1.17.1-5530251707186368584.dll

VM Arguments:
jvm_args: -Dmaven.multiModuleProjectDirectory=D:\traffic-busi -Dmaven.home=D:\Program Files\JetBrains\IntelliJ IDEA 2020.1\plugins\maven\lib\maven3 -Dclassworlds.conf=D:\Program Files\JetBrains\IntelliJ IDEA 2020.1\plugins\maven\lib\maven3\bin\m2.conf -Dmaven.ext.class.path=D:\Program Files\JetBrains\IntelliJ IDEA 2020.1\plugins\maven\lib\maven-event-listener.jar -javaagent:D:\Program Files\JetBrains\IntelliJ IDEA 2020.1\lib\idea_rt.jar=56087:D:\Program Files\JetBrains\IntelliJ IDEA 2020.1\bin -Dfile.encoding=UTF-8 
java_command: org.codehaus.classworlds.Launcher -Didea.version2020.1 clean install -Dmaven.test.skip
java_class_path (initial): D:\Program Files\JetBrains\IntelliJ IDEA 2020.1\plugins\maven\lib\maven3\boot\plexus-classworlds-2.6.0.jar;D:\Program Files\JetBrains\IntelliJ IDEA 2020.1\lib\idea_rt.jar
Launcher Type: SUN_STANDARD

Environment Variables:
JAVA_HOME=C:\Program Files\Java\jdk1.8.0_131
CLASSPATH=.;C:\Program Files\Java\jdk1.8.0_131\bin;C:\Program Files\Java\jdk1.8.0_131\lib\dt.jar;C:\Program Files\Java\jdk1.8.0_131\lib\tools.jar
PATH=D:\Program Files (x86)\NetSarang\Xftp 6\;C:\Program Files\Java\jdk1.8.0_131\bin;C:\Windows\system32;C:\Windows;C:\Windows\System32\Wbem;C:\Windows\System32\WindowsPowerShell\v1.0\;C:\Program Files (x86)\NVIDIA Corporation\PhysX\Common;C:\Program Files\NVIDIA Corporation\NVIDIA NvDLISR;D:\nodejs;d:\Program Files\Git\cmd;D:\Program Files\TortoiseSVN\bin;C:\WINDOWS\system32;C:\WINDOWS;C:\WINDOWS\System32\Wbem;C:\WINDOWS\System32\WindowsPowerShell\v1.0\;C:\WINDOWS\System32\OpenSSH\;C:\Users\Administrator\AppData\Local\Programs\Microsoft VS Code\bin;C:\Users\Administrator\AppData\Local\Microsoft\WindowsApps;d:\Program Files\JetBrains\IntelliJ IDEA 2020.1\bin;
USERNAME=Administrator
OS=Windows_NT
PROCESSOR_IDENTIFIER=AMD64 Family 21 Model 48 Stepping 1, AuthenticAMD



---------------  S Y S T E M  ---------------

OS: Windows 10.0 , 64 bit Build 19041 (10.0.19041.928)

CPU:total 4 (initial active 4) (4 cores per cpu, 1 threads per core) family 21 model 48 stepping 1, cmov, cx8, fxsr, mmx, sse, sse2, sse3, ssse3, sse4.1, sse4.2, popcnt, avx, aes, clmul, mmxext, 3dnowpref, lzcnt, sse4a, tsc, tscinvbit, tscinv, bmi1

Memory: 4k page, physical 4157004k(297648k free), swap 10636868k(6112k free)

vm_info: Java HotSpot(TM) 64-Bit Server VM (25.131-b11) for windows-amd64 JRE (1.8.0_131-b11), built on Mar 15 2017 01:23:53 by "java_re" with MS VC++ 10.0 (VS2010)

time: Mon May 31 14:47:39 2021
elapsed time: 3 seconds (0d 0h 0m 3s)

